MAIN_printInfo:
	grid size      : 100 x 100 x 130 = 1.14 * 10^6 Cells
	nTimeSteps     : 1
	result file    : /dev/null
	action         : nothing
	simulation type: channel flow
	obstacle file  : /home/cc/cs152/sp14/class/cs152-ch/cs152-pjmercurio/lab2/spec-cpu2006-riscv/470.lbm/src/../data/test/input/100_100_130_cf_a.of

LBM_showGridStatistics:
	nObstacleCells:  498440 nAccelCells:       0 nFluidCells:  801560
	minRho:   1.0000 maxRho:   1.0000 mass: 1.140175e+03
	minU: 0.000000e+00 maxU: nan

LBM_showGridStatistics:
	nObstacleCells:  498440 nAccelCells:       0 nFluidCells:  801560
	minRho:   1.0000 maxRho:   1.0025 mass: 1.140185e+03
	minU: 0.000000e+00 maxU: nan

L2$ Bytes Read:            1485785536
L2$ Bytes Written:         1136255744
L2$ Read Accesses:         23215399
L2$ Write Accesses:        17753996
L2$ Read Misses:           23215390
L2$ Write Misses:          3973
L2$ Writebacks:            17753996
L2$ Miss Rate:             56.675%
D$ Bytes Read:            10015686237
D$ Bytes Written:         8708220848
D$ Read Accesses:         1305558759
D$ Write Accesses:        1107609663
D$ Read Misses:           6529960
D$ Write Misses:          16669129
D$ Writebacks:            17753996
D$ Miss Rate:             0.961%
I$ Bytes Read:            41953702120
I$ Bytes Written:         0
I$ Read Accesses:         10488425530
I$ Write Accesses:        0
I$ Read Misses:           16310
I$ Write Misses:          0
I$ Writebacks:            0
I$ Miss Rate:             0.000%
