spec_init
Loading Input Data
Input data 131072 bytes in length
Compressing Input Data, level 5
Compressed data 129474 bytes in length
Uncompressing Data
Uncompressed data 131072 bytes in length
Uncompressed data compared correctly
Compressing Input Data, level 7
Compressed data 129474 bytes in length
Uncompressing Data
Uncompressed data 131072 bytes in length
Uncompressed data compared correctly
Compressing Input Data, level 9
Compressed data 129474 bytes in length
Uncompressing Data
Uncompressed data 131072 bytes in length
Uncompressed data compared correctly
Tested 64KB buffer: OK!
L2$ Bytes Read:            198455488
L2$ Bytes Written:         116352832
L2$ Read Accesses:         3100867
L2$ Write Accesses:        1818013
L2$ Read Misses:           2806565
L2$ Write Misses:          897228
L2$ Writebacks:            1735248
L2$ Miss Rate:             75.297%
D$ Bytes Read:            305789528
D$ Bytes Written:         170262781
D$ Read Accesses:         107884368
D$ Write Accesses:        76759267
D$ Read Misses:           2196843
D$ Write Misses:          903167
D$ Writebacks:            1818013
D$ Miss Rate:             1.679%
I$ Bytes Read:            4387449640
I$ Bytes Written:         0
I$ Read Accesses:         1096862410
I$ Write Accesses:        0
I$ Read Misses:           857
I$ Write Misses:          0
I$ Writebacks:            0
I$ Miss Rate:             0.000%
