spec_init
Loading Input Data
Input data 131072 bytes in length
Compressing Input Data, level 5
Compressed data 129474 bytes in length
Uncompressing Data
Uncompressed data 131072 bytes in length
Uncompressed data compared correctly
Compressing Input Data, level 7
Compressed data 129474 bytes in length
Uncompressing Data
Uncompressed data 131072 bytes in length
Uncompressed data compared correctly
Compressing Input Data, level 9
Compressed data 129474 bytes in length
Uncompressing Data
Uncompressed data 131072 bytes in length
Uncompressed data compared correctly
Tested 64KB buffer: OK!
L2$ Bytes Read:            230822848
L2$ Bytes Written:         133024640
L2$ Read Accesses:         3606607
L2$ Write Accesses:        2078510
L2$ Read Misses:           24134
L2$ Write Misses:          1
L2$ Writebacks:            43
L2$ Miss Rate:             0.425%
D$ Bytes Read:            305789528
D$ Bytes Written:         170262781
D$ Read Accesses:         107884368
D$ Write Accesses:        76759267
D$ Read Misses:           2629876
D$ Write Misses:          974833
D$ Writebacks:            2078510
D$ Miss Rate:             1.952%
I$ Bytes Read:            4387449640
I$ Bytes Written:         0
I$ Read Accesses:         1096862410
I$ Write Accesses:        0
I$ Read Misses:           1898
I$ Write Misses:          0
I$ Writebacks:            0
I$ Miss Rate:             0.000%
