()
1077
***
1561
***
1878
()
1068
***
1610
***
1891
()
1015
***
1630
***
1920
()
1005
***
1521
()
1003
***
1663
()
1001
()
999
***
1778
()
979
***
1432
()
975
***
1415
()
968
***
1478
***
1870
()
965
***
1706
()
961
***
1425
()
958
***
1648
()
954
***
1438
***
1844
()
952
***
1482
***
1907
()
951
***
1477
()
945
***
1691
()
943
***
1530
()
942
***
1843
()
940
***
1836
()
936
***
1689
()
935
***
1654
()
931
***
1501
()
929
***
1568
()
926
***
1564
()
924
***
1467
***
1834
()
923
***
1439
()
921
***
1466
()
918
***
1408
***
1866
()
917
***
1474
***
1748
()
914
***
1414
***
1862
()
913
***
1520
()
912
***
1718
()
911
***
1807
()
910
***
1512
()
909
()
907
***
1453
()
906
***
1815
()
904
***
1377
()
903
***
1585
()
901
***
1378
()
900
***
1345
***
1725
()
899
***
1391
***
1730
()
898
***
1488
()
896
()
892
***
1666
()
890
***
1665
()
889
***
1483
()
888
***
1559
()
887
***
1455
()
885
***
1428
()
884
***
1576
()
883
***
1374
()
882
***
1370
***
1784
()
881
***
1393
()
880
***
1535
()
879
***
1346
***
1887
()
877
***
1340
()
876
***
1300
***
1917
()
874
***
1381
***
1910
()
873
***
1367
***
1846
()
869
***
1553
()
868
***
1507
()
867
***
1542
***
1882
()
862
***
1351
***
1806
()
861
***
1574
()
860
***
1335
()
856
***
1519
()
855
***
1594
()
852
***
1321
***
1771
()
850
***
1548
***
1872
()
848
***
1464
()
847
***
1700
()
846
***
1417
***
1869
()
845
***
1511
()
843
***
1336
***
1711
()
842
***
1562
()
840
***
1531
***
1829
()
839
***
1419
()
838
***
1319
***
1808
()
837
***
1348
***
1849
()
836
***
1484
()
833
***
1600
***
1936
()
832
***
1440
()
831
***
1302
()
830
***
1471
()
828
***
1430
***
1912
()
826
***
1278
()
825
***
1296
()
824
***
1260
***
1657
()
823
***
1618
***
1944
()
821
***
1633
()
820
***
1352
()
819
***
1369
***
1901
()
818
***
1338
()
817
***
1406
***
1796
()
816
***
1505
***
1811
()
814
***
1403
***
1908
()
813
***
1458
***
1899
()
812
***
1305
***
1667
()
810
***
1274
()
809
***
1311
()
808
***
1448
()
806
***
1316
()
805
***
1489
***
1854
()
804
***
1295
()
803
***
1492
()
802
***
1254
()
801
***
1330
***
1684
()
800
***
1282
***
1879
()
799
***
1168
***
1578
()
797
***
1465
***
1795
()
795
***
1433
()
794
***
1470
()
792
***
1268
()
791
***
1431
***
1898
()
789
***
1294
()
788
***
1446
***
1851
()
787
***
1226
()
786
***
1619
()
785
***
1266
***
1840
()
784
***
1575
()
783
***
1234
***
1722
()
782
***
1337
()
781
***
1397
***
1924
()
780
***
1493
()
779
***
1396
***
1791
()
778
***
1342
***
1833
()
777
***
1855
()
776
***
1317
()
775
***
1424
***
1845
()
774
***
1343
***
1672
()
773
***
1372
***
1738
()
772
***
1332
***
1746
()
771
***
1326
***
1824
()
770
***
1292
***
1769
()
769
***
1363
()
768
***
1251
()
767
***
1444
***
1857
()
766
***
1643
***
1935
()
765
***
1229
***
1687
***
1950
()
764
***
1214
()
762
***
1375
***
1814
()
761
***
1436
()
760
***
1271
()
757
***
1236
***
1583
()
756
***
1437
()
755
***
1350
***
1792
()
753
***
1257
()
751
***
1359
()
750
***
1558
()
749
***
1539
()
748
***
1220
()
747
***
1307
()
746
***
1313
()
745
***
1427
()
744
***
1225
***
1692
***
1929
()
743
***
1249
()
741
***
1331
()
740
***
1293
()
739
***
1265
()
738
***
1514
()
737
***
1201
()
736
***
1235
***
1603
()
735
***
1360
()
734
***
1213
***
1888
()
733
***
1445
***
1884
()
732
***
1154
***
1721
***
1945
()
731
***
1379
()
730
***
1238
***
1874
()
728
***
1263
()
727
***
1494
***
1905
()
725
***
1347
()
724
***
1315
***
1694
()
723
***
1420
()
722
***
1409
***
1737
()
721
***
1388
***
1709
()
720
***
1399
()
718
***
1233
***
1717
()
717
***
1864
()
716
***
1443
***
1925
()
715
***
1182
()
714
***
1303
***
1803
()
712
***
1199
***
1628
()
711
***
1500
()
708
***
1191
()
707
***
1402
()
706
***
1395
()
705
***
1288
***
1690
***
1941
()
704
***
1194
()
703
***
1147
***
1606
***
1933
()
699
***
1228
***
1744
()
698
***
1232
***
1652
()
697
***
1206
()
696
***
1180
()
695
***
1209
***
1743
()
694
***
1170
***
1624
()
693
***
1368
()
692
***
1356
***
1802
()
691
***
1590
()
690
***
1212
***
1804
()
689
***
1218
()
688
***
1215
***
1632
***
1909
()
686
***
1153
***
1518
***
1816
()
685
***
1120
***
1793
()
684
***
1339
***
1832
()
683
***
1245
***
1586
()
682
***
1161
***
1776
()
681
***
1334
()
679
***
1361
***
1823
()
678
***
1344
()
677
***
1413
()
676
***
1261
***
1798
()
675
***
1038
***
1534
()
674
***
1137
***
1747
()
673
***
1247
***
1762
()
672
***
1237
***
1750
()
671
***
1143
()
670
***
1217
()
669
***
1133
***
1720
()
667
***
1389
()
666
***
1401
()
664
***
1285
***
1777
()
663
***
1297
()
662
***
1364
***
1775
()
661
***
1187
***
1554
***
1861
()
660
***
1250
()
659
***
1264
***
1752
()
657
***
1155
***
1786
()
656
***
1138
***
1573
()
655
***
1479
***
1877
()
654
***
1312
***
1827
()
653
***
1173
***
1703
()
651
***
1358
***
1765
()
650
***
1298
()
648
***
1457
***
1904
()
643
***
1676
()
641
***
1196
***
1800
()
639
***
1291
()
637
***
1216
***
1729
***
1934
()
629
***
1279
***
1741
()
628
***
1280
()
623
***
1383
***
1697
()
618
***
1545
()
617
***
1328
***
1735
()
614
***
1190
***
1634
()
610
***
1087
***
1580
()
609
***
1498
***
1852
()
605
***
1135
***
1515
()
598
***
1080
***
1693
***
1939
()
597
***
1093
***
1760
()
592
***
1095
***
1755
()
591
***
1082
***
1579
()
590
***
1270
()
588
***
1200
()
586
***
1275
()
585
***
1125
()
583
***
1287
***
1731
()
579
***
1091
***
1770
()
578
***
1151
***
1567
()
577
***
1404
()
575
***
1164
***
1614
()
573
***
1049
***
1571
()
569
***
1177
***
1678
()
567
***
1007
***
1434
()
562
***
1130
***
1698
()
561
***
1085
()
560
***
1188
()
558
***
1239
()
556
***
1221
***
1774
()
552
***
1035
***
1503
***
1913
()
548
***
1110
***
1695
()
545
***
1092
()
543
***
1063
***
1459
()
542
***
1185
()
541
***
1204
***
1758
()
540
***
978
***
1382
***
1837
()
539
***
1281
***
1863
()
538
***
1223
***
1790
()
537
***
1123
***
1728
()
536
***
1157
***
1595
()
534
***
1262
()
533
***
1061
***
1701
()
531
647
***
1108
()
530
***
1219
***
1745
***
1946
()
529
***
1244
***
1670
()
528
***
1022
***
1613
()
526
***
1040
***
1608
()
525
***
1197
***
1713
()
524
***
1181
***
1723
()
523
***
1224
()
520
***
1116
***
1715
()
516
***
1341
()
514
***
1202
***
1623
()
511
***
1071
()
510
***
1171
***
1673
()
508
***
1033
***
1662
()
506
***
956
***
1526
()
504
***
1029
***
1653
()
500
***
989
***
1473
***
1938
()
499
***
1099
***
1817
()
498
***
1031
***
1581
()
497
***
1380
()
494
***
1142
***
1528
***
1911
()
492
***
1017
***
1476
()
488
***
1083
***
1637
()
486
***
1314
()
484
***
977
***
1788
()
483
***
1021
***
1394
()
479
***
1286
***
1704
()
478
***
1044
()
475
***
1053
***
1773
()
474
***
1203
***
1707
()
470
***
1118
***
1679
()
465
***
922
***
1529
()
462
***
1122
***
1601
()
460
***
1070
***
1680
***
1914
()
459
601
***
1109
***
1615
***
1890
()
458
***
1175
***
1547
()
457
602
***
1062
***
1649
()
456
***
1106
***
1754
()
454
***
987
***
1710
()
453
***
1276
()
449
***
997
***
1546
()
447
***
1136
***
1552
***
1886
()
445
***
1156
***
1682
()
444
***
1174
***
1734
***
1943
()
442
***
829
***
1506
()
441
***
1090
***
1838
()
439
***
1009
***
1822
()
437
***
974
()
436
463
***
1054
***
1475
***
1850
()
433
***
1129
***
1497
()
432
645
***
1107
***
1757
()
431
***
1052
***
1646
()
429
***
1028
***
1537
***
1828
()
426
***
1056
***
1602
()
425
***
1299
***
1801
()
423
***
1084
***
1480
()
422
***
1240
()
421
***
1045
()
419
***
1058
***
1560
()
418
***
964
***
1510
()
417
***
905
***
1772
()
416
***
1047
***
1447
***
1835
()
411
***
948
***
1418
()
409
***
1037
***
1472
()
405
***
1128
***
1688
()
404
***
1089
()
403
***
949
***
1596
***
1868
()
402
***
963
***
1638
()
401
***
916
***
1398
***
1819
()
400
***
1055
***
1740
()
399
***
1072
***
1468
()
398
616
***
1074
***
1538
()
391
***
908
***
1587
***
1915
()
388
***
1231
***
1588
***
1896
()
383
630
***
1183
()
374
613
***
1241
***
1876
()
371
***
1036
***
1782
()
370
621
***
1167
()
369
***
976
()
367
***
1148
***
1570
()
366
***
986
***
1569
***
1897
()
364
***
1059
()
361
550
***
988
***
1541
()
360
636
***
1208
***
1642
()
359
615
***
1269
***
1766
()
358
640
***
1301
()
357
***
993
***
1485
()
352
553
***
1100
***
1627
()
351
***
985
()
349
***
891
***
1329
()
346
***
1011
***
1640
***
1940
()
345
517
***
1008
()
343
***
1067
()
342
***
953
***
1669
()
341
***
969
***
1524
()
338
604
***
1207
***
1733
()
335
***
822
***
1490
()
334
***
1160
***
1540
***
1853
()
333
620
***
1243
***
1659
***
1927
()
329
532
***
991
***
1495
***
1900
()
326
608
***
1349
()
322
***
937
***
1422
***
1858
()
317
***
835
***
1441
***
1826
()
314
587
***
1258
***
1658
()
313
493
634
***
1117
()
312
***
859
***
1385
()
306
***
962
***
1463
***
1867
()
304
599
***
1256
***
1797
()
303
***
957
***
1724
()
300
450
***
996
***
1435
***
1809
()
299
***
849
***
1376
()
292
***
668
***
1186
***
1780
()
291
***
1104
***
1708
()
290
594
***
1283
***
1644
()
288
582
***
1273
()
287
491
***
1146
***
1705
()
281
489
***
1006
***
1517
***
1948
()
280
***
932
***
1357
()
279
428
***
902
***
1392
()
278
***
1034
***
1509
***
1871
()
276
***
967
***
1556
***
1873
()
275
568
***
1248
***
1842
()
274
468
581
***
1030
***
1469
()
273
***
763
***
1416
***
1922
()
272
***
1101
***
1719
()
270
397
***
1016
***
1620
()
268
503
***
1073
***
1522
()
267
***
638
***
1103
***
1631
()
266
408
***
844
***
1308
()
264
***
796
***
1462
()
257
***
854
***
1323
***
1779
()
256
544
***
1193
***
1742
()
255
***
947
***
1410
()
253
***
934
***
1533
***
1821
()
252
430
***
897
***
1429
()
249
***
878
***
1421
()
248
***
920
***
1550
()
246
***
754
***
1267
()
244
580
***
1255
***
1513
()
242
382
***
894
***
1645
()
237
490
***
1098
***
1767
()
236
476
***
1060
()
233
362
***
864
***
1549
***
1847
()
231
***
994
***
1502
()
226
392
519
646
***
1075
***
1566
***
1848
()
224
496
***
1184
***
1906
()
221
***
865
***
1353
()
216
331
451
576
***
1027
()
214
381
***
1010
***
1756
()
210
***
893
***
1426
()
209
461
***
1113
***
1686
()
207
377
***
1078
()
206
***
713
***
1386
()
203
***
866
***
1333
()
201
319
***
752
***
1508
()
199
328
***
827
***
1387
***
1799
()
197
260
410
559
***
972
***
1449
()
194
***
941
()
193
327
434
606
***
1079
***
1589
()
187
***
930
***
1373
***
1856
()
186
***
701
***
1195
***
1591
()
184
347
633
***
1205
***
1727
()
182
323
584
***
1048
***
1629
()
180
339
555
***
1198
()
179
***
959
***
1423
***
1726
()
178
406
***
1127
***
1702
()
177
261
414
566
***
1076
***
1664
()
176
387
***
933
***
1655
()
175
283
***
872
***
1452
()
172
294
376
512
624
***
1115
***
1563
***
1892
()
171
321
***
1086
()
170
308
574
***
1144
()
169
301
407
572
***
1039
***
1543
()
166
***
1002
***
1685
()
165
289
481
***
1032
***
1604
()
163
452
***
1111
***
1650
***
1926
()
160
***
719
***
1192
()
158
284
***
863
***
1551
()
156
***
919
***
1411
***
1895
()
155
***
611
***
1230
***
1794
()
154
353
***
983
***
1598
***
1903
()
153
485
***
1189
()
152
356
***
1140
()
151
***
841
***
1451
()
150
324
551
***
1152
()
148
316
***
1046
***
1572
()
147
240
386
502
***
1018
***
1671
()
146
269
480
649
***
1169
***
1781
()
145
***
915
***
1496
***
1860
()
143
521
***
1400
()
142
354
***
1019
***
1635
***
1930
()
141
380
***
1014
***
1527
()
138
396
***
1252
***
1813
()
137
***
522
***
1041
***
1557
()
135
238
482
***
1145
()
133
285
***
886
***
1732
()
132
218
350
469
644
***
1159
***
1805
()
131
***
700
***
1290
***
1783
()
130
277
589
***
1304
***
1883
()
129
***
709
***
1309
***
1641
()
128
239
***
665
***
1362
***
1753
()
127
265
***
702
***
1405
()
125
***
742
***
1712
()
124
243
344
509
***
990
***
1565
()
123
412
***
1088
***
1597
()
122
***
658
***
1327
()
121
***
798
***
1246
()
120
311
***
995
()
119
384
***
1065
***
1622
***
1949
()
117
336
***
982
()
114
282
***
1064
***
1810
()
113
258
***
834
***
1354
***
1841
()
112
***
547
***
1390
***
1763
()
111
330
***
973
***
1525
***
1919
()
110
332
626
***
1324
***
1661
()
107
298
***
853
***
1325
()
105
219
325
473
632
***
1178
***
1609
***
1875
()
104
215
***
1020
***
1761
()
102
365
***
1025
***
1639
***
1880
()
101
213
***
980
()
100
208
***
642
***
1355
***
1885
()
99
***
603
***
1121
***
1605
()
98
228
395
***
1000
***
1696
***
1931
()
97
229
379
***
944
***
1371
()
94
241
***
1057
***
1668
()
93
230
***
710
***
1310
()
92
***
1102
***
1523
***
1937
()
90
295
***
927
***
1442
()
89
***
515
***
1222
***
1681
()
88
296
***
857
***
1456
***
1839
()
87
200
518
***
1162
()
86
202
293
443
600
***
1131
***
1714
()
85
***
527
***
1150
()
84
227
320
448
***
998
***
1481
()
82
191
464
***
1119
***
1593
***
1859
()
81
192
***
955
***
1675
()
80
144
271
372
535
***
1023
()
79
340
***
971
***
1461
()
78
***
389
***
851
***
1759
()
77
***
549
***
1094
***
1660
()
74
223
***
895
***
1584
()
72
220
***
875
***
1412
***
1902
()
71
168
***
680
***
1179
***
1577
()
70
198
***
595
***
1322
***
1830
()
69
162
390
***
1096
()
68
302
***
992
***
1544
()
67
212
***
871
***
1504
***
1881
()
66
***
413
***
1105
***
1820
()
65
262
477
596
***
1043
()
64
***
355
619
***
1132
***
1532
***
1918
()
63
***
627
***
1253
()
62
183
337
***
970
()
61
245
438
***
1012
()
60
195
***
928
***
1366
***
1751
()
59
185
420
***
1126
***
1607
()
58
***
557
***
981
()
57
139
***
593
***
1097
()
56
307
***
1024
***
1384
***
1812
()
54
259
***
984
()
53
222
***
793
***
1625
()
51
***
570
***
1289
()
50
140
***
501
***
1051
***
1621
***
1894
()
49
286
635
***
1211
***
1787
()
47
235
***
759
***
1227
()
46
159
310
***
925
***
1599
()
44
181
513
***
1172
***
1749
()
43
188
***
858
***
1365
()
42
225
564
***
1141
***
1516
()
41
115
375
***
1066
***
1454
()
40
305
571
***
1277
()
39
96
234
471
***
1042
***
1617
***
1932
()
37
***
472
***
1124
***
1674
()
36
***
815
***
1592
***
1947
()
35
***
455
***
1163
()
34
***
393
607
***
1158
***
1616
***
1923
()
33
250
***
946
***
1318
***
1647
()
32
232
***
938
***
1536
()
31
108
***
427
***
1165
***
1612
***
1889
()
30
196
***
939
***
1626
()
29
***
415
***
1139
***
1785
()
28
***
385
***
1112
***
1636
***
1893
()
27
76
174
251
378
487
631
***
1114
***
1499
***
1831
()
26
254
***
966
***
1487
()
25
204
440
***
1176
()
24
83
161
263
363
467
622
***
1081
***
1677
***
1916
()
23
103
***
729
***
1284
***
1865
()
22
134
348
***
1026
***
1656
()
21
167
***
790
***
1491
()
20
106
***
446
***
1013
***
1460
()
19
173
***
807
***
1582
***
1928
()
18
***
495
***
1259
***
1768
()
17
45
157
309
***
758
***
1306
()
16
75
247
507
***
1210
***
1764
()
15
48
126
211
318
424
565
***
1069
***
1683
()
14
***
189
466
***
1149
***
1736
()
13
190
***
960
***
1611
***
1921
()
12
***
205
***
950
***
1716
***
1942
()
11
109
394
***
811
***
1486
()
10
118
***
652
***
1320
()
9
136
***
687
***
1555
()
8
55
116
217
315
435
554
***
1004
***
1651
()
7
91
***
563
***
1134
***
1739
()
6
95
***
546
***
1407
()
5
164
***
870
***
1450
***
1818
()
4
149
368
505
625
***
1050
***
1825
()
3
38
***
726
***
1242
***
1789
()
2
73
373
***
1166
***
1699
()
1
52
297
612
***
1272
