spec_init
Loading Input Data
Input data 131072 bytes in length
Compressing Input Data, level 5
Compressed data 129474 bytes in length
Uncompressing Data
Uncompressed data 131072 bytes in length
Uncompressed data compared correctly
Compressing Input Data, level 7
Compressed data 129474 bytes in length
Uncompressing Data
Uncompressed data 131072 bytes in length
Uncompressed data compared correctly
Compressing Input Data, level 9
Compressed data 129474 bytes in length
Uncompressing Data
Uncompressed data 131072 bytes in length
Uncompressed data compared correctly
Tested 64KB buffer: OK!
L2$ Bytes Read:            228080832
L2$ Bytes Written:         130931776
L2$ Read Accesses:         3563763
L2$ Write Accesses:        2045809
L2$ Read Misses:           3281669
L2$ Write Misses:          1014563
L2$ Writebacks:            1950952
L2$ Miss Rate:             76.588%
D$ Bytes Read:            305789528
D$ Bytes Written:         170262781
D$ Read Accesses:         107884368
D$ Write Accesses:        76759267
D$ Read Misses:           2596657
D$ Write Misses:          965456
D$ Writebacks:            2045809
D$ Miss Rate:             1.929%
I$ Bytes Read:            4387449640
I$ Bytes Written:         0
I$ Read Accesses:         1096862410
I$ Write Accesses:        0
I$ Read Misses:           1650
I$ Write Misses:          0
I$ Writebacks:            0
I$ Miss Rate:             0.000%
